<<Starting Buses generation :)>>
<<A bus has been generated: RED>>
<<A bus has been generated: GREEN>>
<<A bus has been generated: AZUL>>
<<A bus has been generated: YELLOW>>
<<A bus has been generated: ORANGE>>
<<An ambulance has been generated ID->ID = 6>>
<<An ambulance has been generated ID->ID = 7>>
<<An ambulance has been generated ID->ID = 8>>
<<An ambulance has been generated ID->ID = 9>>
<<A Radioactive Car has been generated ID->ID = 10>>
<<A normal Car has been generated ID->ID = 11>>
<<A normal Car has been generated ID->ID = 12>>
<<A normal Car has been generated ID->ID = 13>>
<<A normal Car has been generated ID->ID = 14>>
<<A normal Car has been generated ID->ID = 15>>
<<Starting Buses generation :)>>
<<A bus has been generated: RED>>
<<A bus has been generated: GREEN>>
<<A bus has been generated: AZUL>>
<<A bus has been generated: YELLOW>>
<<A bus has been generated: ORANGE>>
<<An ambulance has been generated ID->ID = 6>>
<<An ambulance has been generated ID->ID = 7>>
<<An ambulance has been generated ID->ID = 8>>
<<An ambulance has been generated ID->ID = 9>>
<<A Radioactive Car has been generated ID->ID = 10>>
<<A normal Car has been generated ID->ID = 11>>
<<A normal Car has been generated ID->ID = 12>>
<<A normal Car has been generated ID->ID = 13>>
<<A normal Car has been generated ID->ID = 14>>
<<A normal Car has been generated ID->ID = 15>>
<<Starting Buses generation :)>>
<<A bus has been generated: RED>>
<<A bus has been generated: GREEN>>
<<A bus has been generated: AZUL>>
<<A bus has been generated: YELLOW>>
<<A bus has been generated: ORANGE>>
<<An ambulance has been generated ID->ID = 6>>
<<An ambulance has been generated ID->ID = 7>>
<<An ambulance has been generated ID->ID = 8>>
<<An ambulance has been generated ID->ID = 9>>
<<A Radioactive Car has been generated ID->ID = 10>>
<<A normal Car has been generated ID->ID = 11>>
<<A normal Car has been generated ID->ID = 12>>
<<A normal Car has been generated ID->ID = 13>>
<<A normal Car has been generated ID->ID = 14>>
<<A normal Car has been generated ID->ID = 15>>
<<An ambulance has been generated ID->ID = 16>>
<<An ambulance has been generated ID->ID = 17>>
<<An ambulance has been generated ID->ID = 18>>
<<An ambulance has been generated ID->ID = 19>>
<<A Radioactive Car has been generated ID->ID = 20>>
<<A normal Car has been generated ID->ID = 21>>
<<A normal Car has been generated ID->ID = 22>>
<<A normal Car has been generated ID->ID = 23>>
<<A normal Car has been generated ID->ID = 24>>
<<A normal Car has been generated ID->ID = 25>>
<<An ambulance has been generated ID->ID = 26>>
<<An ambulance has been generated ID->ID = 27>>
<<An ambulance has been generated ID->ID = 28>>
<<An ambulance has been generated ID->ID = 29>>
<<A Radioactive Car has been generated ID->ID = 30>>
<<A normal Car has been generated ID->ID = 31>>
<<A normal Car has been generated ID->ID = 32>>
<<A normal Car has been generated ID->ID = 33>>
<<A normal Car has been generated ID->ID = 34>>
<<A normal Car has been generated ID->ID = 35>>
<<An ambulance has been generated ID->ID = 36>>
<<An ambulance has been generated ID->ID = 37>>
<<An ambulance has been generated ID->ID = 38>>
<<An ambulance has been generated ID->ID = 39>>
<<A Radioactive Car has been generated ID->ID = 40>>
<<A normal Car has been generated ID->ID = 41>>
<<A normal Car has been generated ID->ID = 42>>
<<A normal Car has been generated ID->ID = 43>>
<<A normal Car has been generated ID->ID = 44>>
<<A normal Car has been generated ID->ID = 45>>
<<An ambulance has been generated ID->ID = 46>>
<<An ambulance has been generated ID->ID = 47>>
<<An ambulance has been generated ID->ID = 48>>
<<An ambulance has been generated ID->ID = 49>>
<<A Radioactive Car has been generated ID->ID = 50>>
<<A normal Car has been generated ID->ID = 51>>
<<A normal Car has been generated ID->ID = 52>>
<<A normal Car has been generated ID->ID = 53>>
<<A normal Car has been generated ID->ID = 54>>
<<A normal Car has been generated ID->ID = 55>>
<<An ambulance has been generated ID->ID = 56>>
<<An ambulance has been generated ID->ID = 57>>
<<An ambulance has been generated ID->ID = 58>>
<<An ambulance has been generated ID->ID = 59>>
<<A Radioactive Car has been generated ID->ID = 60>>
<<A normal Car has been generated ID->ID = 61>>
<<A normal Car has been generated ID->ID = 62>>
<<A normal Car has been generated ID->ID = 63>>
<<A normal Car has been generated ID->ID = 64>>
<<A normal Car has been generated ID->ID = 65>>
<<An ambulance has been generated ID->ID = 66>>
<<An ambulance has been generated ID->ID = 67>>
<<An ambulance has been generated ID->ID = 68>>
<<An ambulance has been generated ID->ID = 69>>
<<A Radioactive Car has been generated ID->ID = 70>>
<<A normal Car has been generated ID->ID = 71>>
<<A normal Car has been generated ID->ID = 72>>
<<A normal Car has been generated ID->ID = 73>>
<<A normal Car has been generated ID->ID = 74>>
<<A normal Car has been generated ID->ID = 75>>
<<An ambulance has been generated ID->ID = 76>>
<<An ambulance has been generated ID->ID = 77>>
<<An ambulance has been generated ID->ID = 78>>
<<An ambulance has been generated ID->ID = 79>>
<<A Radioactive Car has been generated ID->ID = 80>>
<<A normal Car has been generated ID->ID = 81>>
<<A normal Car has been generated ID->ID = 82>>
<<A normal Car has been generated ID->ID = 83>>
<<A normal Car has been generated ID->ID = 84>>
<<A normal Car has been generated ID->ID = 85>>
<<An ambulance has been generated ID->ID = 86>>
<<An ambulance has been generated ID->ID = 87>>
<<An ambulance has been generated ID->ID = 88>>
<<An ambulance has been generated ID->ID = 89>>
<<A Radioactive Car has been generated ID->ID = 90>>
<<A normal Car has been generated ID->ID = 91>>
<<A normal Car has been generated ID->ID = 92>>
<<A normal Car has been generated ID->ID = 93>>
<<A normal Car has been generated ID->ID = 94>>
<<A normal Car has been generated ID->ID = 95>>
<<An ambulance has been generated ID->ID = 96>>
<<An ambulance has been generated ID->ID = 97>>
<<An ambulance has been generated ID->ID = 98>>
<<An ambulance has been generated ID->ID = 99>>
<<A Radioactive Car has been generated ID->ID = 100>>
<<A normal Car has been generated ID->ID = 101>>
<<A normal Car has been generated ID->ID = 102>>
<<A normal Car has been generated ID->ID = 103>>
<<A normal Car has been generated ID->ID = 104>>
<<A normal Car has been generated ID->ID = 105>>
<<An ambulance has been generated ID->ID = 106>>
<<An ambulance has been generated ID->ID = 107>>
<<An ambulance has been generated ID->ID = 108>>
<<An ambulance has been generated ID->ID = 109>>
<<A Radioactive Car has been generated ID->ID = 110>>
<<A normal Car has been generated ID->ID = 111>>
<<A normal Car has been generated ID->ID = 112>>
<<A normal Car has been generated ID->ID = 113>>
<<A normal Car has been generated ID->ID = 114>>
<<A normal Car has been generated ID->ID = 115>>
<<An ambulance has been generated ID->ID = 116>>
<<An ambulance has been generated ID->ID = 117>>
<<An ambulance has been generated ID->ID = 118>>
<<An ambulance has been generated ID->ID = 119>>
<<A Radioactive Car has been generated ID->ID = 120>>
<<A normal Car has been generated ID->ID = 121>>
<<A normal Car has been generated ID->ID = 122>>
<<A normal Car has been generated ID->ID = 123>>
<<A normal Car has been generated ID->ID = 124>>
<<A normal Car has been generated ID->ID = 125>>
<<An ambulance has been generated ID->ID = 126>>
<<An ambulance has been generated ID->ID = 127>>
<<An ambulance has been generated ID->ID = 128>>
<<An ambulance has been generated ID->ID = 129>>
<<A Radioactive Car has been generated ID->ID = 130>>
<<A normal Car has been generated ID->ID = 131>>
<<A normal Car has been generated ID->ID = 132>>
<<A normal Car has been generated ID->ID = 133>>
<<A normal Car has been generated ID->ID = 134>>
<<A normal Car has been generated ID->ID = 135>>
<<An ambulance has been generated ID->ID = 136>>
<<An ambulance has been generated ID->ID = 137>>
<<An ambulance has been generated ID->ID = 138>>
<<An ambulance has been generated ID->ID = 139>>
<<A Radioactive Car has been generated ID->ID = 140>>
<<A normal Car has been generated ID->ID = 141>>
<<A normal Car has been generated ID->ID = 142>>
<<A normal Car has been generated ID->ID = 143>>
<<A normal Car has been generated ID->ID = 144>>
<<A normal Car has been generated ID->ID = 145>>
<<An ambulance has been generated ID->ID = 146>>
<<An ambulance has been generated ID->ID = 147>>
<<An ambulance has been generated ID->ID = 148>>
<<An ambulance has been generated ID->ID = 149>>
<<A Radioactive Car has been generated ID->ID = 150>>
<<A normal Car has been generated ID->ID = 151>>
<<A normal Car has been generated ID->ID = 152>>
<<A normal Car has been generated ID->ID = 153>>
<<A normal Car has been generated ID->ID = 154>>
<<A normal Car has been generated ID->ID = 155>>
<<An ambulance has been generated ID->ID = 156>>
<<An ambulance has been generated ID->ID = 157>>
<<An ambulance has been generated ID->ID = 158>>
<<An ambulance has been generated ID->ID = 159>>
<<A Radioactive Car has been generated ID->ID = 160>>
<<A normal Car has been generated ID->ID = 161>>
<<A normal Car has been generated ID->ID = 162>>
<<A normal Car has been generated ID->ID = 163>>
<<A normal Car has been generated ID->ID = 164>>
<<A normal Car has been generated ID->ID = 165>>
<<An ambulance has been generated ID->ID = 166>>
<<An ambulance has been generated ID->ID = 167>>
<<An ambulance has been generated ID->ID = 168>>
<<An ambulance has been generated ID->ID = 169>>
<<A Radioactive Car has been generated ID->ID = 170>>
<<A normal Car has been generated ID->ID = 171>>
<<A normal Car has been generated ID->ID = 172>>
<<A normal Car has been generated ID->ID = 173>>
<<A normal Car has been generated ID->ID = 174>>
<<A normal Car has been generated ID->ID = 175>>
<<An ambulance has been generated ID->ID = 176>>
<<An ambulance has been generated ID->ID = 177>>
<<An ambulance has been generated ID->ID = 178>>
<<An ambulance has been generated ID->ID = 179>>
<<A Radioactive Car has been generated ID->ID = 180>>
<<A normal Car has been generated ID->ID = 181>>
<<A normal Car has been generated ID->ID = 182>>
<<A normal Car has been generated ID->ID = 183>>
<<A normal Car has been generated ID->ID = 184>>
<<A normal Car has been generated ID->ID = 185>>
<<An ambulance has been generated ID->ID = 186>>
<<An ambulance has been generated ID->ID = 187>>
<<An ambulance has been generated ID->ID = 188>>
<<An ambulance has been generated ID->ID = 189>>
<<A Radioactive Car has been generated ID->ID = 190>>
<<A normal Car has been generated ID->ID = 191>>
<<A normal Car has been generated ID->ID = 192>>
<<A normal Car has been generated ID->ID = 193>>
<<A normal Car has been generated ID->ID = 194>>
<<A normal Car has been generated ID->ID = 195>>
<<An ambulance has been generated ID->ID = 196>>
<<An ambulance has been generated ID->ID = 197>>
<<An ambulance has been generated ID->ID = 198>>
<<An ambulance has been generated ID->ID = 199>>
<<A Radioactive Car has been generated ID->ID = 200>>
<<A normal Car has been generated ID->ID = 201>>
<<A normal Car has been generated ID->ID = 202>>
<<A normal Car has been generated ID->ID = 203>>
<<A normal Car has been generated ID->ID = 204>>
<<A normal Car has been generated ID->ID = 205>>
